0 info it worked if it ends with ok
1 verbose cli [ '/usr/bin/node', '/usr/bin/npm', 'install', 'request', '--save' ]
2 info using npm@3.5.2
3 info using node@v8.10.0
4 silly loadCurrentTree Starting
5 silly install loadCurrentTree
6 silly install readLocalPackageData
7 silly fetchPackageMetaData request
8 silly fetchNamedPackageData request
9 silly mapToRegistry name request
10 silly mapToRegistry using default registry
11 silly mapToRegistry registry https://registry.npmjs.org/
12 silly mapToRegistry uri https://registry.npmjs.org/request
13 verbose request uri https://registry.npmjs.org/request
14 verbose request no auth needed
15 info attempt registry request try #1 at 19:58:43
16 verbose request id a3ffa396061550a2
17 verbose etag "b03288ebbc9391ef2ec458d69f3c6011"
18 verbose lastModified Wed, 29 Aug 2018 02:25:44 GMT
19 http request GET https://registry.npmjs.org/request
20 http 304 https://registry.npmjs.org/request
21 verbose headers { date: 'Thu, 30 Aug 2018 00:58:43 GMT',
21 verbose headers   connection: 'keep-alive',
21 verbose headers   'set-cookie':
21 verbose headers    [ '__cfduid=dbe02a1ecafee37fbe13e58c72ebfabd41535590723; expires=Fri, 30-Aug-19 00:58:43 GMT; path=/; domain=.registry.npmjs.org; HttpOnly' ],
21 verbose headers   'cf-cache-status': 'HIT',
21 verbose headers   'cache-control': 'max-age=300',
21 verbose headers   'cf-ray': '45234f85eeae9a52-MFE',
21 verbose headers   etag: '"b03288ebbc9391ef2ec458d69f3c6011"',
21 verbose headers   'expect-ct': 'max-age=604800, report-uri="https://report-uri.cloudflare.com/cdn-cgi/beacon/expect-ct"',
21 verbose headers   'last-modified': 'Wed, 29 Aug 2018 02:25:44 GMT',
21 verbose headers   vary: 'accept-encoding, accept',
21 verbose headers   'x-amz-meta-rev': '2003-a19db0c9afc0f4fc523186b86fd32cb1',
21 verbose headers   server: 'cloudflare' }
22 silly get cb [ 304,
22 silly get   { date: 'Thu, 30 Aug 2018 00:58:43 GMT',
22 silly get     connection: 'keep-alive',
22 silly get     'set-cookie':
22 silly get      [ '__cfduid=dbe02a1ecafee37fbe13e58c72ebfabd41535590723; expires=Fri, 30-Aug-19 00:58:43 GMT; path=/; domain=.registry.npmjs.org; HttpOnly' ],
22 silly get     'cf-cache-status': 'HIT',
22 silly get     'cache-control': 'max-age=300',
22 silly get     'cf-ray': '45234f85eeae9a52-MFE',
22 silly get     etag: '"b03288ebbc9391ef2ec458d69f3c6011"',
22 silly get     'expect-ct': 'max-age=604800, report-uri="https://report-uri.cloudflare.com/cdn-cgi/beacon/expect-ct"',
22 silly get     'last-modified': 'Wed, 29 Aug 2018 02:25:44 GMT',
22 silly get     vary: 'accept-encoding, accept',
22 silly get     'x-amz-meta-rev': '2003-a19db0c9afc0f4fc523186b86fd32cb1',
22 silly get     server: 'cloudflare' } ]
23 verbose etag https://registry.npmjs.org/request from cache
24 verbose get saving request to /home/pez-nuss/.npm/registry.npmjs.org/request/.cache.json
25 silly install normalizeTree
26 silly loadCurrentTree Finishing
27 silly loadIdealTree Starting
28 silly install loadIdealTree
29 silly cloneCurrentTree Starting
30 silly install cloneCurrentTreeToIdealTree
31 silly cloneCurrentTree Finishing
32 silly loadShrinkwrap Starting
33 silly install loadShrinkwrap
34 silly loadShrinkwrap Finishing
35 silly loadAllDepsIntoIdealTree Starting
36 silly install loadAllDepsIntoIdealTree
37 silly resolveWithNewModule request@2.88.0 checking installable status
38 silly cache add args [ 'request', null ]
39 verbose cache add spec request
40 silly cache add parsed spec Result {
40 silly cache add   raw: 'request',
40 silly cache add   scope: null,
40 silly cache add   name: 'request',
40 silly cache add   rawSpec: '',
40 silly cache add   spec: 'latest',
40 silly cache add   type: 'tag' }
41 silly addNamed request@latest
42 verbose addNamed "latest" is being treated as a dist-tag for request
43 info addNameTag [ 'request', 'latest' ]
44 silly mapToRegistry name request
45 silly mapToRegistry using default registry
46 silly mapToRegistry registry https://registry.npmjs.org/
47 silly mapToRegistry uri https://registry.npmjs.org/request
48 verbose addNameTag registry:https://registry.npmjs.org/request not in flight; fetching
49 verbose get https://registry.npmjs.org/request not expired, no request
50 silly addNameTag next cb for request with tag latest
51 silly addNamed request@2.88.0
52 verbose addNamed "2.88.0" is a plain semver version for request
53 silly cache afterAdd request@2.88.0
54 verbose afterAdd /home/pez-nuss/.npm/request/2.88.0/package/package.json not in flight; writing
55 verbose afterAdd /home/pez-nuss/.npm/request/2.88.0/package/package.json written
56 silly fetchNamedPackageData qs
57 silly mapToRegistry name qs
58 silly mapToRegistry using default registry
59 silly mapToRegistry registry https://registry.npmjs.org/
60 silly mapToRegistry uri https://registry.npmjs.org/qs
61 silly fetchNamedPackageData safe-buffer
62 silly mapToRegistry name safe-buffer
63 silly mapToRegistry using default registry
64 silly mapToRegistry registry https://registry.npmjs.org/
65 silly mapToRegistry uri https://registry.npmjs.org/safe-buffer
66 verbose request uri https://registry.npmjs.org/qs
67 verbose request no auth needed
68 info attempt registry request try #1 at 19:58:43
69 verbose etag W/"67a10b0215ac2c086a1a7418663383bc"
70 verbose lastModified Fri, 03 Aug 2018 00:35:01 GMT
71 http request GET https://registry.npmjs.org/qs
72 verbose request uri https://registry.npmjs.org/safe-buffer
73 verbose request no auth needed
74 info attempt registry request try #1 at 19:58:43
75 verbose etag W/"07ec7479fe6b127e352416b3d45167a8"
76 verbose lastModified Fri, 03 Aug 2018 00:39:59 GMT
77 http request GET https://registry.npmjs.org/safe-buffer
78 http 304 https://registry.npmjs.org/qs
79 verbose headers { date: 'Thu, 30 Aug 2018 00:58:44 GMT',
79 verbose headers   connection: 'keep-alive',
79 verbose headers   'set-cookie':
79 verbose headers    [ '__cfduid=d94ce9dbac2c717a0f32147740a49d2341535590724; expires=Fri, 30-Aug-19 00:58:44 GMT; path=/; domain=.registry.npmjs.org; HttpOnly' ],
79 verbose headers   'cf-cache-status': 'HIT',
79 verbose headers   'cache-control': 'max-age=300',
79 verbose headers   'cf-ray': '45234f8959579a52-MFE',
79 verbose headers   etag: '"67a10b0215ac2c086a1a7418663383bc"',
79 verbose headers   'expect-ct': 'max-age=604800, report-uri="https://report-uri.cloudflare.com/cdn-cgi/beacon/expect-ct"',
79 verbose headers   'last-modified': 'Fri, 03 Aug 2018 00:35:01 GMT',
79 verbose headers   vary: 'accept-encoding, accept',
79 verbose headers   server: 'cloudflare' }
80 silly get cb [ 304,
80 silly get   { date: 'Thu, 30 Aug 2018 00:58:44 GMT',
80 silly get     connection: 'keep-alive',
80 silly get     'set-cookie':
80 silly get      [ '__cfduid=d94ce9dbac2c717a0f32147740a49d2341535590724; expires=Fri, 30-Aug-19 00:58:44 GMT; path=/; domain=.registry.npmjs.org; HttpOnly' ],
80 silly get     'cf-cache-status': 'HIT',
80 silly get     'cache-control': 'max-age=300',
80 silly get     'cf-ray': '45234f8959579a52-MFE',
80 silly get     etag: '"67a10b0215ac2c086a1a7418663383bc"',
80 silly get     'expect-ct': 'max-age=604800, report-uri="https://report-uri.cloudflare.com/cdn-cgi/beacon/expect-ct"',
80 silly get     'last-modified': 'Fri, 03 Aug 2018 00:35:01 GMT',
80 silly get     vary: 'accept-encoding, accept',
80 silly get     server: 'cloudflare' } ]
81 verbose etag https://registry.npmjs.org/qs from cache
82 verbose get saving qs to /home/pez-nuss/.npm/registry.npmjs.org/qs/.cache.json
83 silly resolveWithNewModule qs@6.5.2 checking installable status
84 silly cache add args [ 'qs@~6.5.2', null ]
85 verbose cache add spec qs@~6.5.2
86 silly cache add parsed spec Result {
86 silly cache add   raw: 'qs@~6.5.2',
86 silly cache add   scope: null,
86 silly cache add   name: 'qs',
86 silly cache add   rawSpec: '~6.5.2',
86 silly cache add   spec: '>=6.5.2 <6.6.0',
86 silly cache add   type: 'range' }
87 silly addNamed qs@>=6.5.2 <6.6.0
88 verbose addNamed ">=6.5.2 <6.6.0" is a valid semver range for qs
89 silly addNameRange { name: 'qs', range: '>=6.5.2 <6.6.0', hasData: false }
90 silly mapToRegistry name qs
91 silly mapToRegistry using default registry
92 silly mapToRegistry registry https://registry.npmjs.org/
93 silly mapToRegistry uri https://registry.npmjs.org/qs
94 verbose addNameRange registry:https://registry.npmjs.org/qs not in flight; fetching
95 verbose get https://registry.npmjs.org/qs not expired, no request
96 silly addNameRange number 2 { name: 'qs', range: '>=6.5.2 <6.6.0', hasData: true }
97 silly addNameRange versions [ 'qs',
97 silly addNameRange   [ '0.0.1',
97 silly addNameRange     '0.0.2',
97 silly addNameRange     '0.0.3',
97 silly addNameRange     '0.0.4',
97 silly addNameRange     '0.0.5',
97 silly addNameRange     '0.0.6',
97 silly addNameRange     '0.0.7',
97 silly addNameRange     '0.1.0',
97 silly addNameRange     '0.2.0',
97 silly addNameRange     '0.3.0',
97 silly addNameRange     '0.3.1',
97 silly addNameRange     '0.3.2',
97 silly addNameRange     '0.4.0',
97 silly addNameRange     '0.4.1',
97 silly addNameRange     '0.4.2',
97 silly addNameRange     '0.5.0',
97 silly addNameRange     '0.5.1',
97 silly addNameRange     '0.5.2',
97 silly addNameRange     '0.5.3',
97 silly addNameRange     '0.5.4',
97 silly addNameRange     '0.5.5',
97 silly addNameRange     '0.5.6',
97 silly addNameRange     '0.6.0',
97 silly addNameRange     '0.6.1',
97 silly addNameRange     '0.6.2',
97 silly addNameRange     '0.6.3',
97 silly addNameRange     '0.6.4',
97 silly addNameRange     '0.6.5',
97 silly addNameRange     '0.6.6',
97 silly addNameRange     '1.0.0',
97 silly addNameRange     '1.0.1',
97 silly addNameRange     '1.0.2',
97 silly addNameRange     '1.1.0',
97 silly addNameRange     '1.2.0',
97 silly addNameRange     '1.2.1',
97 silly addNameRange     '1.2.2',
97 silly addNameRange     '2.0.0',
97 silly addNameRange     '2.1.0',
97 silly addNameRange     '2.2.0',
97 silly addNameRange     '2.2.1',
97 silly addNameRange     '2.2.2',
97 silly addNameRange     '2.2.3',
97 silly addNameRange     '2.2.4',
97 silly addNameRange     '2.2.5',
97 silly addNameRange     '2.3.0',
97 silly addNameRange     '2.3.1',
97 silly addNameRange     '2.3.2',
97 silly addNameRange     '2.3.3',
97 silly addNameRange     '2.4.0',
97 silly addNameRange     '2.4.1',
97 silly addNameRange     '2.4.2',
97 silly addNameRange     '3.0.0',
97 silly addNameRange     '3.1.0',
97 silly addNameRange     '4.0.0',
97 silly addNameRange     '5.0.0',
97 silly addNameRange     '5.1.0',
97 silly addNameRange     '5.2.0',
97 silly addNameRange     '6.0.0',
97 silly addNameRange     '6.0.1',
97 silly addNameRange     '6.0.2',
97 silly addNameRange     '6.1.0',
97 silly addNameRange     '6.2.0',
97 silly addNameRange     '5.2.1',
97 silly addNameRange     '6.2.1',
97 silly addNameRange     '6.3.0',
97 silly addNameRange     '6.3.1',
97 silly addNameRange     '6.1.1',
97 silly addNameRange     '6.0.3',
97 silly addNameRange     '6.2.2',
97 silly addNameRange     '6.4.0',
97 silly addNameRange     '6.3.2',
97 silly addNameRange     '6.2.3',
97 silly addNameRange     '6.1.2',
97 silly addNameRange     '6.0.4',
97 silly addNameRange     '6.5.0',
97 silly addNameRange     '6.5.1',
97 silly addNameRange     '6.5.2' ] ]
98 silly addNamed qs@6.5.2
99 verbose addNamed "6.5.2" is a plain semver version for qs
100 silly cache afterAdd qs@6.5.2
101 verbose afterAdd /home/pez-nuss/.npm/qs/6.5.2/package/package.json not in flight; writing
102 verbose afterAdd /home/pez-nuss/.npm/qs/6.5.2/package/package.json written
103 http 304 https://registry.npmjs.org/safe-buffer
104 verbose headers { date: 'Thu, 30 Aug 2018 00:58:44 GMT',
104 verbose headers   connection: 'keep-alive',
104 verbose headers   'set-cookie':
104 verbose headers    [ '__cfduid=dc97fdc3372e0546e290418d2a43d72291535590724; expires=Fri, 30-Aug-19 00:58:44 GMT; path=/; domain=.registry.npmjs.org; HttpOnly' ],
104 verbose headers   'cf-cache-status': 'HIT',
104 verbose headers   'cache-control': 'max-age=300',
104 verbose headers   'cf-ray': '45234f8a4bc09a7c-MFE',
104 verbose headers   etag: '"07ec7479fe6b127e352416b3d45167a8"',
104 verbose headers   'expect-ct': 'max-age=604800, report-uri="https://report-uri.cloudflare.com/cdn-cgi/beacon/expect-ct"',
104 verbose headers   'last-modified': 'Fri, 03 Aug 2018 00:39:59 GMT',
104 verbose headers   vary: 'accept-encoding, accept',
104 verbose headers   server: 'cloudflare' }
105 silly get cb [ 304,
105 silly get   { date: 'Thu, 30 Aug 2018 00:58:44 GMT',
105 silly get     connection: 'keep-alive',
105 silly get     'set-cookie':
105 silly get      [ '__cfduid=dc97fdc3372e0546e290418d2a43d72291535590724; expires=Fri, 30-Aug-19 00:58:44 GMT; path=/; domain=.registry.npmjs.org; HttpOnly' ],
105 silly get     'cf-cache-status': 'HIT',
105 silly get     'cache-control': 'max-age=300',
105 silly get     'cf-ray': '45234f8a4bc09a7c-MFE',
105 silly get     etag: '"07ec7479fe6b127e352416b3d45167a8"',
105 silly get     'expect-ct': 'max-age=604800, report-uri="https://report-uri.cloudflare.com/cdn-cgi/beacon/expect-ct"',
105 silly get     'last-modified': 'Fri, 03 Aug 2018 00:39:59 GMT',
105 silly get     vary: 'accept-encoding, accept',
105 silly get     server: 'cloudflare' } ]
106 verbose etag https://registry.npmjs.org/safe-buffer from cache
107 verbose get saving safe-buffer to /home/pez-nuss/.npm/registry.npmjs.org/safe-buffer/.cache.json
108 silly resolveWithNewModule safe-buffer@5.1.2 checking installable status
109 silly cache add args [ 'safe-buffer@^5.1.2', null ]
110 verbose cache add spec safe-buffer@^5.1.2
111 silly cache add parsed spec Result {
111 silly cache add   raw: 'safe-buffer@^5.1.2',
111 silly cache add   scope: null,
111 silly cache add   name: 'safe-buffer',
111 silly cache add   rawSpec: '^5.1.2',
111 silly cache add   spec: '>=5.1.2 <6.0.0',
111 silly cache add   type: 'range' }
112 silly addNamed safe-buffer@>=5.1.2 <6.0.0
113 verbose addNamed ">=5.1.2 <6.0.0" is a valid semver range for safe-buffer
114 silly addNameRange { name: 'safe-buffer', range: '>=5.1.2 <6.0.0', hasData: false }
115 silly mapToRegistry name safe-buffer
116 silly mapToRegistry using default registry
117 silly mapToRegistry registry https://registry.npmjs.org/
118 silly mapToRegistry uri https://registry.npmjs.org/safe-buffer
119 verbose addNameRange registry:https://registry.npmjs.org/safe-buffer not in flight; fetching
120 verbose get https://registry.npmjs.org/safe-buffer not expired, no request
121 silly addNameRange number 2 { name: 'safe-buffer', range: '>=5.1.2 <6.0.0', hasData: true }
122 silly addNameRange versions [ 'safe-buffer',
122 silly addNameRange   [ '1.0.0',
122 silly addNameRange     '2.0.0',
122 silly addNameRange     '3.0.0',
122 silly addNameRange     '4.0.0',
122 silly addNameRange     '5.0.0',
122 silly addNameRange     '5.0.1',
122 silly addNameRange     '5.1.0',
122 silly addNameRange     '5.1.1',
122 silly addNameRange     '5.1.2' ] ]
123 silly addNamed safe-buffer@5.1.2
124 verbose addNamed "5.1.2" is a plain semver version for safe-buffer
125 silly cache afterAdd safe-buffer@5.1.2
126 verbose afterAdd /home/pez-nuss/.npm/safe-buffer/5.1.2/package/package.json not in flight; writing
127 verbose afterAdd /home/pez-nuss/.npm/safe-buffer/5.1.2/package/package.json written
128 silly loadAllDepsIntoIdealTree Finishing
129 silly idealTree:prePrune crud_usuarios@1.0.0
129 silly idealTree:prePrune ├── accepts@1.3.5
129 silly idealTree:prePrune ├── ajv@5.5.2
129 silly idealTree:prePrune ├── array-flatten@1.1.1
129 silly idealTree:prePrune ├── asn1@0.2.4
129 silly idealTree:prePrune ├── assert-plus@1.0.0
129 silly idealTree:prePrune ├── async@2.6.1
129 silly idealTree:prePrune ├── asynckit@0.4.0
129 silly idealTree:prePrune ├── aws-sign2@0.7.0
129 silly idealTree:prePrune ├── aws4@1.8.0
129 silly idealTree:prePrune ├── bcrypt-pbkdf@1.0.2
129 silly idealTree:prePrune ├── bluebird@3.5.1
129 silly idealTree:prePrune ├─┬ body-parser@1.18.3
129 silly idealTree:prePrune │ └── qs@6.5.2
129 silly idealTree:prePrune ├── bson@1.0.9
129 silly idealTree:prePrune ├── bytes@3.0.0
129 silly idealTree:prePrune ├── caseless@0.12.0
129 silly idealTree:prePrune ├── co@4.6.0
129 silly idealTree:prePrune ├── combined-stream@1.0.6
129 silly idealTree:prePrune ├── content-disposition@0.5.2
129 silly idealTree:prePrune ├── content-type@1.0.4
129 silly idealTree:prePrune ├── cookie-signature@1.0.6
129 silly idealTree:prePrune ├── cookie@0.3.1
129 silly idealTree:prePrune ├── core-util-is@1.0.2
129 silly idealTree:prePrune ├── dashdash@1.14.1
129 silly idealTree:prePrune ├── debug@2.6.9
129 silly idealTree:prePrune ├── delayed-stream@1.0.0
129 silly idealTree:prePrune ├── depd@1.1.2
129 silly idealTree:prePrune ├── destroy@1.0.4
129 silly idealTree:prePrune ├── ecc-jsbn@0.1.2
129 silly idealTree:prePrune ├── ee-first@1.1.1
129 silly idealTree:prePrune ├── encodeurl@1.0.2
129 silly idealTree:prePrune ├── escape-html@1.0.3
129 silly idealTree:prePrune ├── etag@1.8.1
129 silly idealTree:prePrune ├─┬ express@4.16.3
129 silly idealTree:prePrune │ ├── body-parser@1.18.2
129 silly idealTree:prePrune │ ├── iconv-lite@0.4.19
129 silly idealTree:prePrune │ └─┬ raw-body@2.3.2
129 silly idealTree:prePrune │   ├── depd@1.1.1
129 silly idealTree:prePrune │   ├── http-errors@1.6.2
129 silly idealTree:prePrune │   └── setprototypeof@1.0.3
129 silly idealTree:prePrune ├── extend@3.0.2
129 silly idealTree:prePrune ├── extsprintf@1.3.0
129 silly idealTree:prePrune ├── fast-deep-equal@1.1.0
129 silly idealTree:prePrune ├── fast-json-stable-stringify@2.0.0
129 silly idealTree:prePrune ├── finalhandler@1.1.1
129 silly idealTree:prePrune ├── forever-agent@0.6.1
129 silly idealTree:prePrune ├── form-data@2.3.2
129 silly idealTree:prePrune ├── forwarded@0.1.2
129 silly idealTree:prePrune ├── fresh@0.5.2
129 silly idealTree:prePrune ├── getpass@0.1.7
129 silly idealTree:prePrune ├── har-schema@2.0.0
129 silly idealTree:prePrune ├── har-validator@5.1.0
129 silly idealTree:prePrune ├── http-errors@1.6.3
129 silly idealTree:prePrune ├── http-signature@1.2.0
129 silly idealTree:prePrune ├── iconv-lite@0.4.23
129 silly idealTree:prePrune ├── inherits@2.0.3
129 silly idealTree:prePrune ├── ipaddr.js@1.8.0
129 silly idealTree:prePrune ├── is-typedarray@1.0.0
129 silly idealTree:prePrune ├── isstream@0.1.2
129 silly idealTree:prePrune ├── jsbn@0.1.1
129 silly idealTree:prePrune ├── json-schema-traverse@0.3.1
129 silly idealTree:prePrune ├── json-schema@0.2.3
129 silly idealTree:prePrune ├── json-stringify-safe@5.0.1
129 silly idealTree:prePrune ├── jsprim@1.4.1
129 silly idealTree:prePrune ├── kareem@2.2.1
129 silly idealTree:prePrune ├── lodash.get@4.4.2
129 silly idealTree:prePrune ├── lodash@4.17.10
129 silly idealTree:prePrune ├── media-typer@0.3.0
129 silly idealTree:prePrune ├── merge-descriptors@1.0.1
129 silly idealTree:prePrune ├── methods@1.1.2
129 silly idealTree:prePrune ├── mime-db@1.36.0
129 silly idealTree:prePrune ├── mime-types@2.1.20
129 silly idealTree:prePrune ├── mime@1.4.1
129 silly idealTree:prePrune ├─┬ mongodb-core@3.1.3
129 silly idealTree:prePrune │ ├── bson@1.1.0
129 silly idealTree:prePrune │ └── safe-buffer@5.1.2
129 silly idealTree:prePrune ├─┬ mongodb@3.1.4
129 silly idealTree:prePrune │ └── safe-buffer@5.1.2
129 silly idealTree:prePrune ├── mongoose-legacy-pluralize@1.0.2
129 silly idealTree:prePrune ├─┬ mongoose@5.2.10
129 silly idealTree:prePrune │ └── safe-buffer@5.1.2
129 silly idealTree:prePrune ├── mpath@0.4.1
129 silly idealTree:prePrune ├─┬ mquery@3.2.0
129 silly idealTree:prePrune │ ├── debug@3.1.0
129 silly idealTree:prePrune │ └── safe-buffer@5.1.2
129 silly idealTree:prePrune ├── ms@2.0.0
129 silly idealTree:prePrune ├── negotiator@0.6.1
129 silly idealTree:prePrune ├── oauth-sign@0.9.0
129 silly idealTree:prePrune ├── on-finished@2.3.0
129 silly idealTree:prePrune ├── parseurl@1.3.2
129 silly idealTree:prePrune ├── path-to-regexp@0.1.7
129 silly idealTree:prePrune ├── performance-now@2.1.0
129 silly idealTree:prePrune ├── proxy-addr@2.0.4
129 silly idealTree:prePrune ├── psl@1.1.29
129 silly idealTree:prePrune ├── punycode@1.4.1
129 silly idealTree:prePrune ├── qs@6.5.1
129 silly idealTree:prePrune ├── range-parser@1.2.0
129 silly idealTree:prePrune ├── raw-body@2.3.3
129 silly idealTree:prePrune ├── regexp-clone@0.0.1
129 silly idealTree:prePrune ├─┬ request@2.88.0
129 silly idealTree:prePrune │ ├── qs@6.5.2
129 silly idealTree:prePrune │ └── safe-buffer@5.1.2
129 silly idealTree:prePrune ├── require_optional@1.0.1
129 silly idealTree:prePrune ├── resolve-from@2.0.0
129 silly idealTree:prePrune ├── safe-buffer@5.1.1
129 silly idealTree:prePrune ├── safer-buffer@2.1.2
129 silly idealTree:prePrune ├── saslprep@1.0.1
129 silly idealTree:prePrune ├── semver@5.5.1
129 silly idealTree:prePrune ├── send@0.16.2
129 silly idealTree:prePrune ├── serve-static@1.13.2
129 silly idealTree:prePrune ├── setprototypeof@1.1.0
129 silly idealTree:prePrune ├── sliced@1.0.1
129 silly idealTree:prePrune ├── sshpk@1.14.2
129 silly idealTree:prePrune ├── statuses@1.4.0
129 silly idealTree:prePrune ├── tough-cookie@2.4.3
129 silly idealTree:prePrune ├── tunnel-agent@0.6.0
129 silly idealTree:prePrune ├── tweetnacl@0.14.5
129 silly idealTree:prePrune ├── type-is@1.6.16
129 silly idealTree:prePrune ├── unpipe@1.0.0
129 silly idealTree:prePrune ├── utils-merge@1.0.1
129 silly idealTree:prePrune ├── uuid@3.3.2
129 silly idealTree:prePrune ├── vary@1.1.2
129 silly idealTree:prePrune └── verror@1.10.0
130 silly loadIdealTree Finishing
131 silly currentTree crud_usuarios@1.0.0
131 silly currentTree ├── accepts@1.3.5
131 silly currentTree ├── ajv@5.5.2
131 silly currentTree ├── array-flatten@1.1.1
131 silly currentTree ├── asn1@0.2.4
131 silly currentTree ├── assert-plus@1.0.0
131 silly currentTree ├── async@2.6.1
131 silly currentTree ├── asynckit@0.4.0
131 silly currentTree ├── aws-sign2@0.7.0
131 silly currentTree ├── aws4@1.8.0
131 silly currentTree ├── bcrypt-pbkdf@1.0.2
131 silly currentTree ├── bluebird@3.5.1
131 silly currentTree ├─┬ body-parser@1.18.3
131 silly currentTree │ └── qs@6.5.2
131 silly currentTree ├── bson@1.0.9
131 silly currentTree ├── bytes@3.0.0
131 silly currentTree ├── caseless@0.12.0
131 silly currentTree ├── co@4.6.0
131 silly currentTree ├── combined-stream@1.0.6
131 silly currentTree ├── content-disposition@0.5.2
131 silly currentTree ├── content-type@1.0.4
131 silly currentTree ├── cookie-signature@1.0.6
131 silly currentTree ├── cookie@0.3.1
131 silly currentTree ├── core-util-is@1.0.2
131 silly currentTree ├── dashdash@1.14.1
131 silly currentTree ├── debug@2.6.9
131 silly currentTree ├── delayed-stream@1.0.0
131 silly currentTree ├── depd@1.1.2
131 silly currentTree ├── destroy@1.0.4
131 silly currentTree ├── ecc-jsbn@0.1.2
131 silly currentTree ├── ee-first@1.1.1
131 silly currentTree ├── encodeurl@1.0.2
131 silly currentTree ├── escape-html@1.0.3
131 silly currentTree ├── etag@1.8.1
131 silly currentTree ├─┬ express@4.16.3
131 silly currentTree │ ├── body-parser@1.18.2
131 silly currentTree │ ├── iconv-lite@0.4.19
131 silly currentTree │ └─┬ raw-body@2.3.2
131 silly currentTree │   ├── depd@1.1.1
131 silly currentTree │   ├── http-errors@1.6.2
131 silly currentTree │   └── setprototypeof@1.0.3
131 silly currentTree ├── extend@3.0.2
131 silly currentTree ├── extsprintf@1.3.0
131 silly currentTree ├── fast-deep-equal@1.1.0
131 silly currentTree ├── fast-json-stable-stringify@2.0.0
131 silly currentTree ├── finalhandler@1.1.1
131 silly currentTree ├── forever-agent@0.6.1
131 silly currentTree ├── form-data@2.3.2
131 silly currentTree ├── forwarded@0.1.2
131 silly currentTree ├── fresh@0.5.2
131 silly currentTree ├── getpass@0.1.7
131 silly currentTree ├── har-schema@2.0.0
131 silly currentTree ├── har-validator@5.1.0
131 silly currentTree ├── http-errors@1.6.3
131 silly currentTree ├── http-signature@1.2.0
131 silly currentTree ├── iconv-lite@0.4.23
131 silly currentTree ├── inherits@2.0.3
131 silly currentTree ├── ipaddr.js@1.8.0
131 silly currentTree ├── is-typedarray@1.0.0
131 silly currentTree ├── isstream@0.1.2
131 silly currentTree ├── jsbn@0.1.1
131 silly currentTree ├── json-schema-traverse@0.3.1
131 silly currentTree ├── json-schema@0.2.3
131 silly currentTree ├── json-stringify-safe@5.0.1
131 silly currentTree ├── jsprim@1.4.1
131 silly currentTree ├── kareem@2.2.1
131 silly currentTree ├── lodash.get@4.4.2
131 silly currentTree ├── lodash@4.17.10
131 silly currentTree ├── media-typer@0.3.0
131 silly currentTree ├── merge-descriptors@1.0.1
131 silly currentTree ├── methods@1.1.2
131 silly currentTree ├── mime-db@1.36.0
131 silly currentTree ├── mime-types@2.1.20
131 silly currentTree ├── mime@1.4.1
131 silly currentTree ├─┬ mongodb-core@3.1.3
131 silly currentTree │ ├── bson@1.1.0
131 silly currentTree │ └── safe-buffer@5.1.2
131 silly currentTree ├─┬ mongodb@3.1.4
131 silly currentTree │ └── safe-buffer@5.1.2
131 silly currentTree ├── mongoose-legacy-pluralize@1.0.2
131 silly currentTree ├─┬ mongoose@5.2.10
131 silly currentTree │ └── safe-buffer@5.1.2
131 silly currentTree ├── mpath@0.4.1
131 silly currentTree ├─┬ mquery@3.2.0
131 silly currentTree │ ├── debug@3.1.0
131 silly currentTree │ └── safe-buffer@5.1.2
131 silly currentTree ├── ms@2.0.0
131 silly currentTree ├── negotiator@0.6.1
131 silly currentTree ├── oauth-sign@0.9.0
131 silly currentTree ├── on-finished@2.3.0
131 silly currentTree ├── parseurl@1.3.2
131 silly currentTree ├── path-to-regexp@0.1.7
131 silly currentTree ├── performance-now@2.1.0
131 silly currentTree ├── proxy-addr@2.0.4
131 silly currentTree ├── psl@1.1.29
131 silly currentTree ├── punycode@1.4.1
131 silly currentTree ├── qs@6.5.1
131 silly currentTree ├── range-parser@1.2.0
131 silly currentTree ├── raw-body@2.3.3
131 silly currentTree ├── regexp-clone@0.0.1
131 silly currentTree ├── require_optional@1.0.1
131 silly currentTree ├── resolve-from@2.0.0
131 silly currentTree ├── safe-buffer@5.1.1
131 silly currentTree ├── safer-buffer@2.1.2
131 silly currentTree ├── saslprep@1.0.1
131 silly currentTree ├── semver@5.5.1
131 silly currentTree ├── send@0.16.2
131 silly currentTree ├── serve-static@1.13.2
131 silly currentTree ├── setprototypeof@1.1.0
131 silly currentTree ├── sliced@1.0.1
131 silly currentTree ├── sshpk@1.14.2
131 silly currentTree ├── statuses@1.4.0
131 silly currentTree ├── tough-cookie@2.4.3
131 silly currentTree ├── tunnel-agent@0.6.0
131 silly currentTree ├── tweetnacl@0.14.5
131 silly currentTree ├── type-is@1.6.16
131 silly currentTree ├── unpipe@1.0.0
131 silly currentTree ├── utils-merge@1.0.1
131 silly currentTree ├── uuid@3.3.2
131 silly currentTree ├── vary@1.1.2
131 silly currentTree └── verror@1.10.0
132 silly idealTree crud_usuarios@1.0.0
132 silly idealTree ├── accepts@1.3.5
132 silly idealTree ├── ajv@5.5.2
132 silly idealTree ├── array-flatten@1.1.1
132 silly idealTree ├── asn1@0.2.4
132 silly idealTree ├── assert-plus@1.0.0
132 silly idealTree ├── async@2.6.1
132 silly idealTree ├── asynckit@0.4.0
132 silly idealTree ├── aws-sign2@0.7.0
132 silly idealTree ├── aws4@1.8.0
132 silly idealTree ├── bcrypt-pbkdf@1.0.2
132 silly idealTree ├── bluebird@3.5.1
132 silly idealTree ├─┬ body-parser@1.18.3
132 silly idealTree │ └── qs@6.5.2
132 silly idealTree ├── bson@1.0.9
132 silly idealTree ├── bytes@3.0.0
132 silly idealTree ├── caseless@0.12.0
132 silly idealTree ├── co@4.6.0
132 silly idealTree ├── combined-stream@1.0.6
132 silly idealTree ├── content-disposition@0.5.2
132 silly idealTree ├── content-type@1.0.4
132 silly idealTree ├── cookie-signature@1.0.6
132 silly idealTree ├── cookie@0.3.1
132 silly idealTree ├── core-util-is@1.0.2
132 silly idealTree ├── dashdash@1.14.1
132 silly idealTree ├── debug@2.6.9
132 silly idealTree ├── delayed-stream@1.0.0
132 silly idealTree ├── depd@1.1.2
132 silly idealTree ├── destroy@1.0.4
132 silly idealTree ├── ecc-jsbn@0.1.2
132 silly idealTree ├── ee-first@1.1.1
132 silly idealTree ├── encodeurl@1.0.2
132 silly idealTree ├── escape-html@1.0.3
132 silly idealTree ├── etag@1.8.1
132 silly idealTree ├─┬ express@4.16.3
132 silly idealTree │ ├── body-parser@1.18.2
132 silly idealTree │ ├── iconv-lite@0.4.19
132 silly idealTree │ └─┬ raw-body@2.3.2
132 silly idealTree │   ├── depd@1.1.1
132 silly idealTree │   ├── http-errors@1.6.2
132 silly idealTree │   └── setprototypeof@1.0.3
132 silly idealTree ├── extend@3.0.2
132 silly idealTree ├── extsprintf@1.3.0
132 silly idealTree ├── fast-deep-equal@1.1.0
132 silly idealTree ├── fast-json-stable-stringify@2.0.0
132 silly idealTree ├── finalhandler@1.1.1
132 silly idealTree ├── forever-agent@0.6.1
132 silly idealTree ├── form-data@2.3.2
132 silly idealTree ├── forwarded@0.1.2
132 silly idealTree ├── fresh@0.5.2
132 silly idealTree ├── getpass@0.1.7
132 silly idealTree ├── har-schema@2.0.0
132 silly idealTree ├── har-validator@5.1.0
132 silly idealTree ├── http-errors@1.6.3
132 silly idealTree ├── http-signature@1.2.0
132 silly idealTree ├── iconv-lite@0.4.23
132 silly idealTree ├── inherits@2.0.3
132 silly idealTree ├── ipaddr.js@1.8.0
132 silly idealTree ├── is-typedarray@1.0.0
132 silly idealTree ├── isstream@0.1.2
132 silly idealTree ├── jsbn@0.1.1
132 silly idealTree ├── json-schema-traverse@0.3.1
132 silly idealTree ├── json-schema@0.2.3
132 silly idealTree ├── json-stringify-safe@5.0.1
132 silly idealTree ├── jsprim@1.4.1
132 silly idealTree ├── kareem@2.2.1
132 silly idealTree ├── lodash.get@4.4.2
132 silly idealTree ├── lodash@4.17.10
132 silly idealTree ├── media-typer@0.3.0
132 silly idealTree ├── merge-descriptors@1.0.1
132 silly idealTree ├── methods@1.1.2
132 silly idealTree ├── mime-db@1.36.0
132 silly idealTree ├── mime-types@2.1.20
132 silly idealTree ├── mime@1.4.1
132 silly idealTree ├─┬ mongodb-core@3.1.3
132 silly idealTree │ ├── bson@1.1.0
132 silly idealTree │ └── safe-buffer@5.1.2
132 silly idealTree ├─┬ mongodb@3.1.4
132 silly idealTree │ └── safe-buffer@5.1.2
132 silly idealTree ├── mongoose-legacy-pluralize@1.0.2
132 silly idealTree ├─┬ mongoose@5.2.10
132 silly idealTree │ └── safe-buffer@5.1.2
132 silly idealTree ├── mpath@0.4.1
132 silly idealTree ├─┬ mquery@3.2.0
132 silly idealTree │ ├── debug@3.1.0
132 silly idealTree │ └── safe-buffer@5.1.2
132 silly idealTree ├── ms@2.0.0
132 silly idealTree ├── negotiator@0.6.1
132 silly idealTree ├── oauth-sign@0.9.0
132 silly idealTree ├── on-finished@2.3.0
132 silly idealTree ├── parseurl@1.3.2
132 silly idealTree ├── path-to-regexp@0.1.7
132 silly idealTree ├── performance-now@2.1.0
132 silly idealTree ├── proxy-addr@2.0.4
132 silly idealTree ├── psl@1.1.29
132 silly idealTree ├── punycode@1.4.1
132 silly idealTree ├── qs@6.5.1
132 silly idealTree ├── range-parser@1.2.0
132 silly idealTree ├── raw-body@2.3.3
132 silly idealTree ├── regexp-clone@0.0.1
132 silly idealTree ├─┬ request@2.88.0
132 silly idealTree │ ├── qs@6.5.2
132 silly idealTree │ └── safe-buffer@5.1.2
132 silly idealTree ├── require_optional@1.0.1
132 silly idealTree ├── resolve-from@2.0.0
132 silly idealTree ├── safe-buffer@5.1.1
132 silly idealTree ├── safer-buffer@2.1.2
132 silly idealTree ├── saslprep@1.0.1
132 silly idealTree ├── semver@5.5.1
132 silly idealTree ├── send@0.16.2
132 silly idealTree ├── serve-static@1.13.2
132 silly idealTree ├── setprototypeof@1.1.0
132 silly idealTree ├── sliced@1.0.1
132 silly idealTree ├── sshpk@1.14.2
132 silly idealTree ├── statuses@1.4.0
132 silly idealTree ├── tough-cookie@2.4.3
132 silly idealTree ├── tunnel-agent@0.6.0
132 silly idealTree ├── tweetnacl@0.14.5
132 silly idealTree ├── type-is@1.6.16
132 silly idealTree ├── unpipe@1.0.0
132 silly idealTree ├── utils-merge@1.0.1
132 silly idealTree ├── uuid@3.3.2
132 silly idealTree ├── vary@1.1.2
132 silly idealTree └── verror@1.10.0
133 silly generateActionsToTake Starting
134 silly install generateActionsToTake
135 silly generateActionsToTake Finishing
136 silly diffTrees action count 4
137 silly diffTrees add qs@6.5.2
138 silly diffTrees add safe-buffer@5.1.2
139 silly diffTrees update express@4.16.3
140 silly diffTrees add request@2.88.0
141 silly decomposeActions action count 32
142 silly decomposeActions fetch qs@6.5.2
143 silly decomposeActions extract qs@6.5.2
144 silly decomposeActions test qs@6.5.2
145 silly decomposeActions preinstall qs@6.5.2
146 silly decomposeActions build qs@6.5.2
147 silly decomposeActions install qs@6.5.2
148 silly decomposeActions postinstall qs@6.5.2
149 silly decomposeActions finalize qs@6.5.2
150 silly decomposeActions fetch safe-buffer@5.1.2
151 silly decomposeActions extract safe-buffer@5.1.2
152 silly decomposeActions test safe-buffer@5.1.2
153 silly decomposeActions preinstall safe-buffer@5.1.2
154 silly decomposeActions build safe-buffer@5.1.2
155 silly decomposeActions install safe-buffer@5.1.2
156 silly decomposeActions postinstall safe-buffer@5.1.2
157 silly decomposeActions finalize safe-buffer@5.1.2
158 silly decomposeActions fetch express@4.16.3
159 silly decomposeActions extract express@4.16.3
160 silly decomposeActions test express@4.16.3
161 silly decomposeActions preinstall express@4.16.3
162 silly decomposeActions build express@4.16.3
163 silly decomposeActions install express@4.16.3
164 silly decomposeActions postinstall express@4.16.3
165 silly decomposeActions finalize express@4.16.3
166 silly decomposeActions fetch request@2.88.0
167 silly decomposeActions extract request@2.88.0
168 silly decomposeActions test request@2.88.0
169 silly decomposeActions preinstall request@2.88.0
170 silly decomposeActions build request@2.88.0
171 silly decomposeActions install request@2.88.0
172 silly decomposeActions postinstall request@2.88.0
173 silly decomposeActions finalize request@2.88.0
174 silly executeActions Starting
175 silly install executeActions
176 silly doSerial global-install 0
177 silly doParallel fetch 4
178 verbose lock using /home/pez-nuss/.npm/_locks/staging-7661ae6d79b9e86b.lock for /home/pez-nuss/crud_Usuarios/node_modules/.staging
179 silly doParallel extract 4
180 silly extract qs@6.5.2
181 silly extract safe-buffer@5.1.2
182 silly extract express@4.16.3
183 silly extract request@2.88.0
184 verbose unbuild node_modules/.staging/qs-13b1133c
185 verbose unbuild node_modules/.staging/safe-buffer-51cf6fb4
186 verbose unbuild node_modules/.staging/express-a935fe23
187 verbose unbuild node_modules/.staging/request-54288e52
188 silly gentlyRm /home/pez-nuss/crud_Usuarios/node_modules/.staging/qs-13b1133c is being purged from base /home/pez-nuss/crud_Usuarios
189 verbose gentlyRm don't care about contents; nuking /home/pez-nuss/crud_Usuarios/node_modules/.staging/qs-13b1133c
190 silly gentlyRm /home/pez-nuss/crud_Usuarios/node_modules/.staging/safe-buffer-51cf6fb4 is being purged from base /home/pez-nuss/crud_Usuarios
191 verbose gentlyRm don't care about contents; nuking /home/pez-nuss/crud_Usuarios/node_modules/.staging/safe-buffer-51cf6fb4
192 silly gentlyRm /home/pez-nuss/crud_Usuarios/node_modules/.staging/express-a935fe23 is being purged from base /home/pez-nuss/crud_Usuarios
193 verbose gentlyRm don't care about contents; nuking /home/pez-nuss/crud_Usuarios/node_modules/.staging/express-a935fe23
194 silly gentlyRm /home/pez-nuss/crud_Usuarios/node_modules/.staging/request-54288e52 is being purged from base /home/pez-nuss/crud_Usuarios
195 verbose gentlyRm don't care about contents; nuking /home/pez-nuss/crud_Usuarios/node_modules/.staging/request-54288e52
196 verbose tar unpack /home/pez-nuss/.npm/qs/6.5.2/package.tgz
197 verbose tar unpacking to /home/pez-nuss/crud_Usuarios/node_modules/.staging/qs-13b1133c
198 silly gentlyRm /home/pez-nuss/crud_Usuarios/node_modules/.staging/qs-13b1133c is being purged
199 verbose gentlyRm don't care about contents; nuking /home/pez-nuss/crud_Usuarios/node_modules/.staging/qs-13b1133c
200 verbose tar unpack /home/pez-nuss/.npm/safe-buffer/5.1.2/package.tgz
201 verbose tar unpacking to /home/pez-nuss/crud_Usuarios/node_modules/.staging/safe-buffer-51cf6fb4
202 silly gentlyRm /home/pez-nuss/crud_Usuarios/node_modules/.staging/safe-buffer-51cf6fb4 is being purged
203 verbose gentlyRm don't care about contents; nuking /home/pez-nuss/crud_Usuarios/node_modules/.staging/safe-buffer-51cf6fb4
204 verbose tar unpack /home/pez-nuss/.npm/express/4.16.3/package.tgz
205 verbose tar unpacking to /home/pez-nuss/crud_Usuarios/node_modules/.staging/express-a935fe23
206 silly gentlyRm /home/pez-nuss/crud_Usuarios/node_modules/.staging/express-a935fe23 is being purged
207 verbose gentlyRm don't care about contents; nuking /home/pez-nuss/crud_Usuarios/node_modules/.staging/express-a935fe23
208 verbose tar unpack /home/pez-nuss/.npm/request/2.88.0/package.tgz
209 verbose tar unpacking to /home/pez-nuss/crud_Usuarios/node_modules/.staging/request-54288e52
210 silly gentlyRm /home/pez-nuss/crud_Usuarios/node_modules/.staging/request-54288e52 is being purged
211 verbose gentlyRm don't care about contents; nuking /home/pez-nuss/crud_Usuarios/node_modules/.staging/request-54288e52
212 silly gunzTarPerm modes [ '775', '664' ]
213 silly gunzTarPerm modes [ '775', '664' ]
214 silly gunzTarPerm modes [ '775', '664' ]
215 silly gunzTarPerm modes [ '775', '664' ]
216 silly gunzTarPerm extractEntry package.json
217 silly gunzTarPerm modified mode [ 'package.json', 420, 436 ]
218 silly gunzTarPerm extractEntry package.json
219 silly gunzTarPerm modified mode [ 'package.json', 420, 436 ]
220 silly gunzTarPerm extractEntry package.json
221 silly gunzTarPerm modified mode [ 'package.json', 420, 436 ]
222 silly gunzTarPerm extractEntry package.json
223 silly gunzTarPerm modified mode [ 'package.json', 420, 436 ]
224 silly gunzTarPerm extractEntry .editorconfig
225 silly gunzTarPerm modified mode [ '.editorconfig', 420, 436 ]
226 silly gunzTarPerm extractEntry .eslintignore
227 silly gunzTarPerm modified mode [ '.eslintignore', 420, 436 ]
228 silly gunzTarPerm extractEntry index.d.ts
229 silly gunzTarPerm modified mode [ 'index.d.ts', 420, 436 ]
230 silly gunzTarPerm extractEntry index.js
231 silly gunzTarPerm modified mode [ 'index.js', 420, 436 ]
232 silly gunzTarPerm extractEntry LICENSE
233 silly gunzTarPerm modified mode [ 'LICENSE', 420, 436 ]
234 silly gunzTarPerm extractEntry index.js
235 silly gunzTarPerm modified mode [ 'index.js', 420, 436 ]
236 silly gunzTarPerm extractEntry CHANGELOG.md
237 silly gunzTarPerm modified mode [ 'CHANGELOG.md', 420, 436 ]
238 silly gunzTarPerm extractEntry index.js
239 silly gunzTarPerm modified mode [ 'index.js', 493, 509 ]
240 silly gunzTarPerm extractEntry .eslintrc
241 silly gunzTarPerm modified mode [ '.eslintrc', 420, 436 ]
242 silly gunzTarPerm extractEntry CHANGELOG.md
243 silly gunzTarPerm modified mode [ 'CHANGELOG.md', 420, 436 ]
244 silly gunzTarPerm extractEntry LICENSE
245 silly gunzTarPerm modified mode [ 'LICENSE', 420, 436 ]
246 silly gunzTarPerm extractEntry README.md
247 silly gunzTarPerm modified mode [ 'README.md', 420, 436 ]
248 silly gunzTarPerm extractEntry Readme.md
249 silly gunzTarPerm modified mode [ 'Readme.md', 420, 436 ]
250 silly gunzTarPerm extractEntry History.md
251 silly gunzTarPerm modified mode [ 'History.md', 420, 436 ]
252 silly gunzTarPerm extractEntry LICENSE
253 silly gunzTarPerm modified mode [ 'LICENSE', 420, 436 ]
254 silly gunzTarPerm extractEntry README.md
255 silly gunzTarPerm modified mode [ 'README.md', 420, 436 ]
256 silly gunzTarPerm extractEntry request.js
257 silly gunzTarPerm modified mode [ 'request.js', 420, 436 ]
258 silly gunzTarPerm extractEntry lib/auth.js
259 silly gunzTarPerm modified mode [ 'lib/auth.js', 420, 436 ]
260 silly gunzTarPerm extractEntry lib/cookies.js
261 silly gunzTarPerm modified mode [ 'lib/cookies.js', 420, 436 ]
262 silly gunzTarPerm extractEntry LICENSE
263 silly gunzTarPerm modified mode [ 'LICENSE', 420, 436 ]
264 silly gunzTarPerm extractEntry lib/getProxyFromURI.js
265 silly gunzTarPerm modified mode [ 'lib/getProxyFromURI.js', 420, 436 ]
266 silly gunzTarPerm extractEntry lib/application.js
267 silly gunzTarPerm modified mode [ 'lib/application.js', 420, 436 ]
268 silly gunzTarPerm extractEntry README.md
269 silly gunzTarPerm modified mode [ 'README.md', 420, 436 ]
270 silly gunzTarPerm extractEntry dist/qs.js
271 silly gunzTarPerm modified mode [ 'dist/qs.js', 420, 436 ]
272 silly gunzTarPerm extractEntry lib/express.js
273 silly gunzTarPerm modified mode [ 'lib/express.js', 420, 436 ]
274 silly gunzTarPerm extractEntry lib/request.js
275 silly gunzTarPerm modified mode [ 'lib/request.js', 420, 436 ]
276 silly gunzTarPerm extractEntry lib/har.js
277 silly gunzTarPerm modified mode [ 'lib/har.js', 420, 436 ]
278 silly gunzTarPerm extractEntry lib/hawk.js
279 silly gunzTarPerm modified mode [ 'lib/hawk.js', 420, 436 ]
280 silly gunzTarPerm extractEntry lib/formats.js
281 silly gunzTarPerm modified mode [ 'lib/formats.js', 420, 436 ]
282 silly gunzTarPerm extractEntry lib/index.js
283 silly gunzTarPerm modified mode [ 'lib/index.js', 420, 436 ]
284 silly gunzTarPerm extractEntry lib/response.js
285 silly gunzTarPerm modified mode [ 'lib/response.js', 420, 436 ]
286 silly gunzTarPerm extractEntry lib/utils.js
287 silly gunzTarPerm modified mode [ 'lib/utils.js', 420, 436 ]
288 silly gunzTarPerm extractEntry lib/view.js
289 silly gunzTarPerm modified mode [ 'lib/view.js', 420, 436 ]
290 silly gunzTarPerm extractEntry lib/helpers.js
291 silly gunzTarPerm modified mode [ 'lib/helpers.js', 420, 436 ]
292 silly gunzTarPerm extractEntry lib/multipart.js
293 silly gunzTarPerm modified mode [ 'lib/multipart.js', 420, 436 ]
294 silly gunzTarPerm extractEntry lib/middleware/init.js
295 silly gunzTarPerm modified mode [ 'lib/middleware/init.js', 420, 436 ]
296 silly gunzTarPerm extractEntry lib/middleware/query.js
297 silly gunzTarPerm modified mode [ 'lib/middleware/query.js', 420, 436 ]
298 silly gunzTarPerm extractEntry lib/router/index.js
299 silly gunzTarPerm modified mode [ 'lib/router/index.js', 420, 436 ]
300 silly gunzTarPerm extractEntry lib/router/layer.js
301 silly gunzTarPerm modified mode [ 'lib/router/layer.js', 420, 436 ]
302 silly gunzTarPerm extractEntry lib/parse.js
303 silly gunzTarPerm modified mode [ 'lib/parse.js', 420, 436 ]
304 silly gunzTarPerm extractEntry lib/stringify.js
305 silly gunzTarPerm modified mode [ 'lib/stringify.js', 420, 436 ]
306 silly gunzTarPerm extractEntry lib/oauth.js
307 silly gunzTarPerm modified mode [ 'lib/oauth.js', 420, 436 ]
308 silly gunzTarPerm extractEntry lib/querystring.js
309 silly gunzTarPerm modified mode [ 'lib/querystring.js', 420, 436 ]
310 silly gunzTarPerm extractEntry lib/redirect.js
311 silly gunzTarPerm modified mode [ 'lib/redirect.js', 420, 436 ]
312 silly gunzTarPerm extractEntry lib/router/route.js
313 silly gunzTarPerm modified mode [ 'lib/router/route.js', 420, 436 ]
314 silly gunzTarPerm extractEntry lib/tunnel.js
315 silly gunzTarPerm modified mode [ 'lib/tunnel.js', 420, 436 ]
316 silly gunzTarPerm extractEntry lib/utils.js
317 silly gunzTarPerm modified mode [ 'lib/utils.js', 420, 436 ]
318 silly gunzTarPerm extractEntry test/.eslintrc
319 silly gunzTarPerm modified mode [ 'test/.eslintrc', 420, 436 ]
320 silly gentlyRm /home/pez-nuss/crud_Usuarios/node_modules/.staging/safe-buffer-51cf6fb4/node_modules is being purged
321 verbose gentlyRm don't care about contents; nuking /home/pez-nuss/crud_Usuarios/node_modules/.staging/safe-buffer-51cf6fb4/node_modules
322 silly gunzTarPerm extractEntry test/index.js
323 silly gunzTarPerm modified mode [ 'test/index.js', 420, 436 ]
324 silly gunzTarPerm extractEntry test/parse.js
325 silly gunzTarPerm modified mode [ 'test/parse.js', 420, 436 ]
326 silly gunzTarPerm extractEntry test/stringify.js
327 silly gunzTarPerm modified mode [ 'test/stringify.js', 420, 436 ]
328 silly gunzTarPerm extractEntry test/utils.js
329 silly gunzTarPerm modified mode [ 'test/utils.js', 420, 436 ]
330 silly gentlyRm /home/pez-nuss/crud_Usuarios/node_modules/.staging/express-a935fe23/node_modules is being purged
331 verbose gentlyRm don't care about contents; nuking /home/pez-nuss/crud_Usuarios/node_modules/.staging/express-a935fe23/node_modules
332 silly gentlyRm /home/pez-nuss/crud_Usuarios/node_modules/.staging/qs-13b1133c/node_modules is being purged
333 verbose gentlyRm don't care about contents; nuking /home/pez-nuss/crud_Usuarios/node_modules/.staging/qs-13b1133c/node_modules
334 silly gentlyRm /home/pez-nuss/crud_Usuarios/node_modules/.staging/request-54288e52/node_modules is being purged
335 verbose gentlyRm don't care about contents; nuking /home/pez-nuss/crud_Usuarios/node_modules/.staging/request-54288e52/node_modules
336 silly doParallel preinstall 4
337 silly preinstall qs@6.5.2 /home/pez-nuss/crud_Usuarios/node_modules/.staging/qs-13b1133c
338 info lifecycle qs@6.5.2~preinstall: qs@6.5.2
339 silly preinstall safe-buffer@5.1.2 /home/pez-nuss/crud_Usuarios/node_modules/.staging/safe-buffer-51cf6fb4
340 info lifecycle safe-buffer@5.1.2~preinstall: safe-buffer@5.1.2
341 silly preinstall express@4.16.3 /home/pez-nuss/crud_Usuarios/node_modules/.staging/express-a935fe23
342 info lifecycle express@4.16.3~preinstall: express@4.16.3
343 silly preinstall request@2.88.0 /home/pez-nuss/crud_Usuarios/node_modules/.staging/request-54288e52
344 info lifecycle request@2.88.0~preinstall: request@2.88.0
345 silly lifecycle qs@6.5.2~preinstall: no script for preinstall, continuing
346 silly lifecycle safe-buffer@5.1.2~preinstall: no script for preinstall, continuing
347 silly lifecycle express@4.16.3~preinstall: no script for preinstall, continuing
348 silly lifecycle request@2.88.0~preinstall: no script for preinstall, continuing
349 silly doReverseSerial remove 0
350 silly doSerial move 0
351 silly doSerial finalize 4
352 silly finalize /home/pez-nuss/crud_Usuarios/node_modules/request/node_modules/qs
353 silly finalize /home/pez-nuss/crud_Usuarios/node_modules/request/node_modules/safe-buffer
354 silly finalize /home/pez-nuss/crud_Usuarios/node_modules/express
355 silly finalize /home/pez-nuss/crud_Usuarios/node_modules/request
356 verbose unlock done using /home/pez-nuss/.npm/_locks/staging-7661ae6d79b9e86b.lock for /home/pez-nuss/crud_Usuarios/node_modules/.staging
357 silly rollbackFailedOptional Starting
358 silly rollbackFailedOptional Finishing
359 silly runTopLevelLifecycles Starting
360 silly runTopLevelLifecycles Finishing
361 silly install printInstalled
362 warn crud_usuarios@1.0.0 No repository field.
363 verbose stack Error: ENOTEMPTY: directory not empty, rename '/home/pez-nuss/crud_Usuarios/node_modules/request' -> '/home/pez-nuss/crud_Usuarios/node_modules/.request.DELETE'
363 verbose stack     at moveAway (/usr/share/npm/lib/install/action/finalize.js:38:5)
363 verbose stack     at destStatted (/usr/share/npm/lib/install/action/finalize.js:27:7)
363 verbose stack     at FSReqWrap.oncomplete (fs.js:153:5)
363 verbose stack
363 verbose stack Error: ENOTEMPTY: directory not empty, rename '/home/pez-nuss/crud_Usuarios/node_modules/request' -> '/home/pez-nuss/crud_Usuarios/node_modules/.request.DELETE'
364 verbose cwd /home/pez-nuss/crud_Usuarios
365 error Linux 4.15.0-32-generic
366 error argv "/usr/bin/node" "/usr/bin/npm" "install" "request" "--save"
367 error node v8.10.0
368 error npm  v3.5.2
369 error path /home/pez-nuss/crud_Usuarios/node_modules/request
370 error code ENOTEMPTY
371 error errno -39
372 error syscall rename
373 error ENOTEMPTY: directory not empty, rename '/home/pez-nuss/crud_Usuarios/node_modules/request' -> '/home/pez-nuss/crud_Usuarios/node_modules/.request.DELETE'
374 error If you need help, you may report this error at:
374 error     <https://github.com/npm/npm/issues>
375 verbose exit [ -39, true ]
